<?xml version="1.0" encoding="UTF-8"?>
<!-- Generated by org.testng.reporters.JUnitReportReporter -->
<testsuite hostname="HCPLH0915LP284" name="com.selenium.test.DemoPCDP.ViewCompletionScore" tests="1" failures="0" timestamp="9 Feb 2018 05:43:52 GMT" time="5.989" errors="0">
  <testcase name="completionScore" time="5.989" classname="com.selenium.test.DemoPCDP.ViewCompletionScore"/>
</testsuite> <!-- com.selenium.test.DemoPCDP.ViewCompletionScore -->
