<?xml version="1.0" encoding="UTF-8"?>
<!-- Generated by org.testng.reporters.JUnitReportReporter -->
<testsuite hostname="HCPLH0915LP284" name="com.selenium.test.DemoPCDP.PCDP_Login" tests="1" failures="0" timestamp="9 Feb 2018 05:43:52 GMT" time="6.785" errors="0">
  <testcase name="loginView" time="6.785" classname="com.selenium.test.DemoPCDP.PCDP_Login"/>
</testsuite> <!-- com.selenium.test.DemoPCDP.PCDP_Login -->
