<?xml version="1.0" encoding="UTF-8"?>
<!-- Generated by org.testng.reporters.JUnitReportReporter -->
<testsuite hostname="HCPLH0915LP284" name="com.selenium.test.DemoPCDP.InvalidCredentil" tests="1" failures="0" timestamp="9 Feb 2018 05:43:52 GMT" time="2.410" errors="0">
  <testcase name="invalidCredential" time="2.410" classname="com.selenium.test.DemoPCDP.InvalidCredentil"/>
</testsuite> <!-- com.selenium.test.DemoPCDP.InvalidCredentil -->
