<?xml version="1.0" encoding="UTF-8"?>
<!-- Generated by org.testng.reporters.JUnitReportReporter -->
<testsuite hostname="HCPLH0915LP284" name="com.selenium.test.DemoPCDP.LandingPage" tests="1" failures="0" timestamp="9 Feb 2018 05:43:52 GMT" time="0.325" errors="0">
  <testcase name="landingPageElements" time="0.325" classname="com.selenium.test.DemoPCDP.LandingPage"/>
</testsuite> <!-- com.selenium.test.DemoPCDP.LandingPage -->
